

Processing CmrsController#index (for 127.0.0.1 at 2008-06-09 09:27:53) [GET]
  Session ID: 02bf5f0fd7d9811fa035b0bb9fb14dd4
  Parameters: {"action"=>"index", "controller"=>"cmrs"}


ActionController::UnknownAction (No action responded to index):
    /var/lib/gems/1.8/gems/actionpack-2.0.2/lib/action_controller/filters.rb:697:in `call_filters'
    /var/lib/gems/1.8/gems/actionpack-2.0.2/lib/action_controller/filters.rb:689:in `perform_action_without_benchmark'
    /var/lib/gems/1.8/gems/actionpack-2.0.2/lib/action_controller/benchmarking.rb:68:in `perform_action_without_rescue'
    /usr/lib/ruby/1.8/benchmark.rb:293:in `measure'
    /var/lib/gems/1.8/gems/actionpack-2.0.2/lib/action_controller/benchmarking.rb:68:in `perform_action_without_rescue'
    /var/lib/gems/1.8/gems/actionpack-2.0.2/lib/action_controller/rescue.rb:199:in `perform_action_without_caching'
    /var/lib/gems/1.8/gems/actionpack-2.0.2/lib/action_controller/caching.rb:678:in `perform_action'
    /var/lib/gems/1.8/gems/activerecord-2.0.2/lib/active_record/connection_adapters/abstract/query_cache.rb:33:in `cache'
    /var/lib/gems/1.8/gems/activerecord-2.0.2/lib/active_record/query_cache.rb:8:in `cache'
    /var/lib/gems/1.8/gems/actionpack-2.0.2/lib/action_controller/caching.rb:677:in `perform_action'
    /var/lib/gems/1.8/gems/actionpack-2.0.2/lib/action_controller/base.rb:524:in `send'
    /var/lib/gems/1.8/gems/actionpack-2.0.2/lib/action_controller/base.rb:524:in `process_without_filters'
    /var/lib/gems/1.8/gems/actionpack-2.0.2/lib/action_controller/filters.rb:685:in `process_without_session_management_support'
    /var/lib/gems/1.8/gems/actionpack-2.0.2/lib/action_controller/session_management.rb:123:in `process'
    /var/lib/gems/1.8/gems/actionpack-2.0.2/lib/action_controller/base.rb:388:in `process'
    /var/lib/gems/1.8/gems/actionpack-2.0.2/lib/action_controller/dispatcher.rb:171:in `handle_request'
    /var/lib/gems/1.8/gems/actionpack-2.0.2/lib/action_controller/dispatcher.rb:115:in `dispatch'
    /var/lib/gems/1.8/gems/actionpack-2.0.2/lib/action_controller/dispatcher.rb:126:in `dispatch_cgi'
    /var/lib/gems/1.8/gems/actionpack-2.0.2/lib/action_controller/dispatcher.rb:9:in `dispatch'
    /var/lib/gems/1.8/gems/mongrel-1.1.3/bin/../lib/mongrel/rails.rb:76:in `process'
    /var/lib/gems/1.8/gems/mongrel-1.1.3/bin/../lib/mongrel/rails.rb:74:in `synchronize'
    /var/lib/gems/1.8/gems/mongrel-1.1.3/bin/../lib/mongrel/rails.rb:74:in `process'
    /var/lib/gems/1.8/gems/mongrel-1.1.3/lib/mongrel.rb:159:in `process_client'
    /var/lib/gems/1.8/gems/mongrel-1.1.3/lib/mongrel.rb:158:in `each'
    /var/lib/gems/1.8/gems/mongrel-1.1.3/lib/mongrel.rb:158:in `process_client'
    /var/lib/gems/1.8/gems/mongrel-1.1.3/lib/mongrel.rb:285:in `run'
    /var/lib/gems/1.8/gems/mongrel-1.1.3/lib/mongrel.rb:285:in `initialize'
    /var/lib/gems/1.8/gems/mongrel-1.1.3/lib/mongrel.rb:285:in `new'
    /var/lib/gems/1.8/gems/mongrel-1.1.3/lib/mongrel.rb:285:in `run'
    /var/lib/gems/1.8/gems/mongrel-1.1.3/lib/mongrel.rb:268:in `initialize'
    /var/lib/gems/1.8/gems/mongrel-1.1.3/lib/mongrel.rb:268:in `new'
    /var/lib/gems/1.8/gems/mongrel-1.1.3/lib/mongrel.rb:268:in `run'
    /var/lib/gems/1.8/gems/mongrel-1.1.3/lib/mongrel/configurator.rb:282:in `run'
    /var/lib/gems/1.8/gems/mongrel-1.1.3/lib/mongrel/configurator.rb:281:in `each'
    /var/lib/gems/1.8/gems/mongrel-1.1.3/lib/mongrel/configurator.rb:281:in `run'
    /var/lib/gems/1.8/gems/mongrel-1.1.3/bin/mongrel_rails:128:in `run'
    /var/lib/gems/1.8/gems/mongrel-1.1.3/lib/mongrel/command.rb:212:in `run'
    /var/lib/gems/1.8/gems/mongrel-1.1.3/bin/mongrel_rails:281
    /var/lib/gems/1.8/gems/activesupport-2.0.2/lib/active_support/dependencies.rb:489:in `load'
    /var/lib/gems/1.8/gems/activesupport-2.0.2/lib/active_support/dependencies.rb:489:in `load'
    /var/lib/gems/1.8/gems/activesupport-2.0.2/lib/active_support/dependencies.rb:342:in `new_constants_in'
    /var/lib/gems/1.8/gems/activesupport-2.0.2/lib/active_support/dependencies.rb:489:in `load'
    /var/lib/gems/1.8/gems/rails-2.0.2/lib/commands/servers/mongrel.rb:64
    /usr/lib/ruby/1.8/rubygems/custom_require.rb:27:in `gem_original_require'
    /usr/lib/ruby/1.8/rubygems/custom_require.rb:27:in `require'
    /var/lib/gems/1.8/gems/activesupport-2.0.2/lib/active_support/dependencies.rb:496:in `require'
    /var/lib/gems/1.8/gems/activesupport-2.0.2/lib/active_support/dependencies.rb:342:in `new_constants_in'
    /var/lib/gems/1.8/gems/activesupport-2.0.2/lib/active_support/dependencies.rb:496:in `require'
    /var/lib/gems/1.8/gems/rails-2.0.2/lib/commands/server.rb:39
    /usr/lib/ruby/1.8/rubygems/custom_require.rb:27:in `gem_original_require'
    /usr/lib/ruby/1.8/rubygems/custom_require.rb:27:in `require'
    script/server:3

Rendering /var/lib/gems/1.8/gems/actionpack-2.0.2/lib/action_controller/templates/rescues/layout.erb (not_found)


Processing CmrsController#index (for 127.0.0.1 at 2008-06-09 09:28:32) [GET]
  Session ID: BAh7BiIKZmxhc2hJQzonQWN0aW9uQ29udHJvbGxlcjo6Rmxhc2g6OkZsYXNo%0ASGFzaHsABjoKQHVzZWR7AA%3D%3D--913dbb873779805c27eb79f6c5a973558266a0f7
  Parameters: {"action"=>"index", "controller"=>"cmrs"}
Rendering template within layouts/application


ActionController::MissingTemplate (Missing template cmrs/index.html.erb in view path /home/ecopony/src/ut-nedss-trunk/nedss-ui/ui-prototyping/app/views):
    /var/lib/gems/1.8/gems/actionpack-2.0.2/lib/action_controller/base.rb:1269:in `assert_existence_of_template_file'
    /var/lib/gems/1.8/gems/actionpack-2.0.2/lib/action_controller/base.rb:1098:in `render_for_file'
    /var/lib/gems/1.8/gems/actionpack-2.0.2/lib/action_controller/base.rb:836:in `render_with_no_layout'
    /var/lib/gems/1.8/gems/actionpack-2.0.2/lib/action_controller/layout.rb:262:in `render_without_benchmark'
    /var/lib/gems/1.8/gems/actionpack-2.0.2/lib/action_controller/benchmarking.rb:51:in `render'
    /usr/lib/ruby/1.8/benchmark.rb:293:in `measure'
    /var/lib/gems/1.8/gems/actionpack-2.0.2/lib/action_controller/benchmarking.rb:51:in `render'
    /var/lib/gems/1.8/gems/actionpack-2.0.2/lib/action_controller/base.rb:1153:in `default_render'
    /var/lib/gems/1.8/gems/actionpack-2.0.2/lib/action_controller/base.rb:1159:in `perform_action_without_filters'
    /var/lib/gems/1.8/gems/actionpack-2.0.2/lib/action_controller/filters.rb:697:in `call_filters'
    /var/lib/gems/1.8/gems/actionpack-2.0.2/lib/action_controller/filters.rb:689:in `perform_action_without_benchmark'
    /var/lib/gems/1.8/gems/actionpack-2.0.2/lib/action_controller/benchmarking.rb:68:in `perform_action_without_rescue'
    /usr/lib/ruby/1.8/benchmark.rb:293:in `measure'
    /var/lib/gems/1.8/gems/actionpack-2.0.2/lib/action_controller/benchmarking.rb:68:in `perform_action_without_rescue'
    /var/lib/gems/1.8/gems/actionpack-2.0.2/lib/action_controller/rescue.rb:199:in `perform_action_without_caching'
    /var/lib/gems/1.8/gems/actionpack-2.0.2/lib/action_controller/caching.rb:678:in `perform_action'
    /var/lib/gems/1.8/gems/activerecord-2.0.2/lib/active_record/connection_adapters/abstract/query_cache.rb:33:in `cache'
    /var/lib/gems/1.8/gems/activerecord-2.0.2/lib/active_record/query_cache.rb:8:in `cache'
    /var/lib/gems/1.8/gems/actionpack-2.0.2/lib/action_controller/caching.rb:677:in `perform_action'
    /var/lib/gems/1.8/gems/actionpack-2.0.2/lib/action_controller/base.rb:524:in `send'
    /var/lib/gems/1.8/gems/actionpack-2.0.2/lib/action_controller/base.rb:524:in `process_without_filters'
    /var/lib/gems/1.8/gems/actionpack-2.0.2/lib/action_controller/filters.rb:685:in `process_without_session_management_support'
    /var/lib/gems/1.8/gems/actionpack-2.0.2/lib/action_controller/session_management.rb:123:in `process'
    /var/lib/gems/1.8/gems/actionpack-2.0.2/lib/action_controller/base.rb:388:in `process'
    /var/lib/gems/1.8/gems/actionpack-2.0.2/lib/action_controller/dispatcher.rb:171:in `handle_request'
    /var/lib/gems/1.8/gems/actionpack-2.0.2/lib/action_controller/dispatcher.rb:115:in `dispatch'
    /var/lib/gems/1.8/gems/actionpack-2.0.2/lib/action_controller/dispatcher.rb:126:in `dispatch_cgi'
    /var/lib/gems/1.8/gems/actionpack-2.0.2/lib/action_controller/dispatcher.rb:9:in `dispatch'
    /var/lib/gems/1.8/gems/mongrel-1.1.3/bin/../lib/mongrel/rails.rb:76:in `process'
    /var/lib/gems/1.8/gems/mongrel-1.1.3/bin/../lib/mongrel/rails.rb:74:in `synchronize'
    /var/lib/gems/1.8/gems/mongrel-1.1.3/bin/../lib/mongrel/rails.rb:74:in `process'
    /var/lib/gems/1.8/gems/mongrel-1.1.3/lib/mongrel.rb:159:in `process_client'
    /var/lib/gems/1.8/gems/mongrel-1.1.3/lib/mongrel.rb:158:in `each'
    /var/lib/gems/1.8/gems/mongrel-1.1.3/lib/mongrel.rb:158:in `process_client'
    /var/lib/gems/1.8/gems/mongrel-1.1.3/lib/mongrel.rb:285:in `run'
    /var/lib/gems/1.8/gems/mongrel-1.1.3/lib/mongrel.rb:285:in `initialize'
    /var/lib/gems/1.8/gems/mongrel-1.1.3/lib/mongrel.rb:285:in `new'
    /var/lib/gems/1.8/gems/mongrel-1.1.3/lib/mongrel.rb:285:in `run'
    /var/lib/gems/1.8/gems/mongrel-1.1.3/lib/mongrel.rb:268:in `initialize'
    /var/lib/gems/1.8/gems/mongrel-1.1.3/lib/mongrel.rb:268:in `new'
    /var/lib/gems/1.8/gems/mongrel-1.1.3/lib/mongrel.rb:268:in `run'
    /var/lib/gems/1.8/gems/mongrel-1.1.3/lib/mongrel/configurator.rb:282:in `run'
    /var/lib/gems/1.8/gems/mongrel-1.1.3/lib/mongrel/configurator.rb:281:in `each'
    /var/lib/gems/1.8/gems/mongrel-1.1.3/lib/mongrel/configurator.rb:281:in `run'
    /var/lib/gems/1.8/gems/mongrel-1.1.3/bin/mongrel_rails:128:in `run'
    /var/lib/gems/1.8/gems/mongrel-1.1.3/lib/mongrel/command.rb:212:in `run'
    /var/lib/gems/1.8/gems/mongrel-1.1.3/bin/mongrel_rails:281
    /var/lib/gems/1.8/gems/activesupport-2.0.2/lib/active_support/dependencies.rb:489:in `load'
    /var/lib/gems/1.8/gems/activesupport-2.0.2/lib/active_support/dependencies.rb:489:in `load'
    /var/lib/gems/1.8/gems/activesupport-2.0.2/lib/active_support/dependencies.rb:342:in `new_constants_in'
    /var/lib/gems/1.8/gems/activesupport-2.0.2/lib/active_support/dependencies.rb:489:in `load'
    /var/lib/gems/1.8/gems/rails-2.0.2/lib/commands/servers/mongrel.rb:64
    /usr/lib/ruby/1.8/rubygems/custom_require.rb:27:in `gem_original_require'
    /usr/lib/ruby/1.8/rubygems/custom_require.rb:27:in `require'
    /var/lib/gems/1.8/gems/activesupport-2.0.2/lib/active_support/dependencies.rb:496:in `require'
    /var/lib/gems/1.8/gems/activesupport-2.0.2/lib/active_support/dependencies.rb:342:in `new_constants_in'
    /var/lib/gems/1.8/gems/activesupport-2.0.2/lib/active_support/dependencies.rb:496:in `require'
    /var/lib/gems/1.8/gems/rails-2.0.2/lib/commands/server.rb:39
    /usr/lib/ruby/1.8/rubygems/custom_require.rb:27:in `gem_original_require'
    /usr/lib/ruby/1.8/rubygems/custom_require.rb:27:in `require'
    script/server:3

Rendering /var/lib/gems/1.8/gems/actionpack-2.0.2/lib/action_controller/templates/rescues/layout.erb (internal_server_error)


Processing CmrsController#index (for 127.0.0.1 at 2008-06-09 09:37:15) [GET]
  Session ID: BAh7BiIKZmxhc2hJQzonQWN0aW9uQ29udHJvbGxlcjo6Rmxhc2g6OkZsYXNo%0ASGFzaHsABjoKQHVzZWR7AA%3D%3D--913dbb873779805c27eb79f6c5a973558266a0f7
  Parameters: {"action"=>"index", "controller"=>"cmrs"}
Rendering template within layouts/application


ActionController::MissingTemplate (Missing template cmrs/index.html.erb in view path /home/ecopony/src/ut-nedss-trunk/nedss-ui/ui-prototyping/app/views):
    /var/lib/gems/1.8/gems/actionpack-2.0.2/lib/action_controller/base.rb:1269:in `assert_existence_of_template_file'
    /var/lib/gems/1.8/gems/actionpack-2.0.2/lib/action_controller/base.rb:1098:in `render_for_file'
    /var/lib/gems/1.8/gems/actionpack-2.0.2/lib/action_controller/base.rb:836:in `render_with_no_layout'
    /var/lib/gems/1.8/gems/actionpack-2.0.2/lib/action_controller/layout.rb:262:in `render_without_benchmark'
    /var/lib/gems/1.8/gems/actionpack-2.0.2/lib/action_controller/benchmarking.rb:51:in `render'
    /usr/lib/ruby/1.8/benchmark.rb:293:in `measure'
    /var/lib/gems/1.8/gems/actionpack-2.0.2/lib/action_controller/benchmarking.rb:51:in `render'
    /var/lib/gems/1.8/gems/actionpack-2.0.2/lib/action_controller/base.rb:1153:in `default_render'
    /var/lib/gems/1.8/gems/actionpack-2.0.2/lib/action_controller/base.rb:1159:in `perform_action_without_filters'
    /var/lib/gems/1.8/gems/actionpack-2.0.2/lib/action_controller/filters.rb:697:in `call_filters'
    /var/lib/gems/1.8/gems/actionpack-2.0.2/lib/action_controller/filters.rb:689:in `perform_action_without_benchmark'
    /var/lib/gems/1.8/gems/actionpack-2.0.2/lib/action_controller/benchmarking.rb:68:in `perform_action_without_rescue'
    /usr/lib/ruby/1.8/benchmark.rb:293:in `measure'
    /var/lib/gems/1.8/gems/actionpack-2.0.2/lib/action_controller/benchmarking.rb:68:in `perform_action_without_rescue'
    /var/lib/gems/1.8/gems/actionpack-2.0.2/lib/action_controller/rescue.rb:199:in `perform_action_without_caching'
    /var/lib/gems/1.8/gems/actionpack-2.0.2/lib/action_controller/caching.rb:678:in `perform_action'
    /var/lib/gems/1.8/gems/activerecord-2.0.2/lib/active_record/connection_adapters/abstract/query_cache.rb:33:in `cache'
    /var/lib/gems/1.8/gems/activerecord-2.0.2/lib/active_record/query_cache.rb:8:in `cache'
    /var/lib/gems/1.8/gems/actionpack-2.0.2/lib/action_controller/caching.rb:677:in `perform_action'
    /var/lib/gems/1.8/gems/actionpack-2.0.2/lib/action_controller/base.rb:524:in `send'
    /var/lib/gems/1.8/gems/actionpack-2.0.2/lib/action_controller/base.rb:524:in `process_without_filters'
    /var/lib/gems/1.8/gems/actionpack-2.0.2/lib/action_controller/filters.rb:685:in `process_without_session_management_support'
    /var/lib/gems/1.8/gems/actionpack-2.0.2/lib/action_controller/session_management.rb:123:in `process'
    /var/lib/gems/1.8/gems/actionpack-2.0.2/lib/action_controller/base.rb:388:in `process'
    /var/lib/gems/1.8/gems/actionpack-2.0.2/lib/action_controller/dispatcher.rb:171:in `handle_request'
    /var/lib/gems/1.8/gems/actionpack-2.0.2/lib/action_controller/dispatcher.rb:115:in `dispatch'
    /var/lib/gems/1.8/gems/actionpack-2.0.2/lib/action_controller/dispatcher.rb:126:in `dispatch_cgi'
    /var/lib/gems/1.8/gems/actionpack-2.0.2/lib/action_controller/dispatcher.rb:9:in `dispatch'
    /var/lib/gems/1.8/gems/mongrel-1.1.3/bin/../lib/mongrel/rails.rb:76:in `process'
    /var/lib/gems/1.8/gems/mongrel-1.1.3/bin/../lib/mongrel/rails.rb:74:in `synchronize'
    /var/lib/gems/1.8/gems/mongrel-1.1.3/bin/../lib/mongrel/rails.rb:74:in `process'
    /var/lib/gems/1.8/gems/mongrel-1.1.3/lib/mongrel.rb:159:in `process_client'
    /var/lib/gems/1.8/gems/mongrel-1.1.3/lib/mongrel.rb:158:in `each'
    /var/lib/gems/1.8/gems/mongrel-1.1.3/lib/mongrel.rb:158:in `process_client'
    /var/lib/gems/1.8/gems/mongrel-1.1.3/lib/mongrel.rb:285:in `run'
    /var/lib/gems/1.8/gems/mongrel-1.1.3/lib/mongrel.rb:285:in `initialize'
    /var/lib/gems/1.8/gems/mongrel-1.1.3/lib/mongrel.rb:285:in `new'
    /var/lib/gems/1.8/gems/mongrel-1.1.3/lib/mongrel.rb:285:in `run'
    /var/lib/gems/1.8/gems/mongrel-1.1.3/lib/mongrel.rb:268:in `initialize'
    /var/lib/gems/1.8/gems/mongrel-1.1.3/lib/mongrel.rb:268:in `new'
    /var/lib/gems/1.8/gems/mongrel-1.1.3/lib/mongrel.rb:268:in `run'
    /var/lib/gems/1.8/gems/mongrel-1.1.3/lib/mongrel/configurator.rb:282:in `run'
    /var/lib/gems/1.8/gems/mongrel-1.1.3/lib/mongrel/configurator.rb:281:in `each'
    /var/lib/gems/1.8/gems/mongrel-1.1.3/lib/mongrel/configurator.rb:281:in `run'
    /var/lib/gems/1.8/gems/mongrel-1.1.3/bin/mongrel_rails:128:in `run'
    /var/lib/gems/1.8/gems/mongrel-1.1.3/lib/mongrel/command.rb:212:in `run'
    /var/lib/gems/1.8/gems/mongrel-1.1.3/bin/mongrel_rails:281
    /var/lib/gems/1.8/gems/activesupport-2.0.2/lib/active_support/dependencies.rb:489:in `load'
    /var/lib/gems/1.8/gems/activesupport-2.0.2/lib/active_support/dependencies.rb:489:in `load'
    /var/lib/gems/1.8/gems/activesupport-2.0.2/lib/active_support/dependencies.rb:342:in `new_constants_in'
    /var/lib/gems/1.8/gems/activesupport-2.0.2/lib/active_support/dependencies.rb:489:in `load'
    /var/lib/gems/1.8/gems/rails-2.0.2/lib/commands/servers/mongrel.rb:64
    /usr/lib/ruby/1.8/rubygems/custom_require.rb:27:in `gem_original_require'
    /usr/lib/ruby/1.8/rubygems/custom_require.rb:27:in `require'
    /var/lib/gems/1.8/gems/activesupport-2.0.2/lib/active_support/dependencies.rb:496:in `require'
    /var/lib/gems/1.8/gems/activesupport-2.0.2/lib/active_support/dependencies.rb:342:in `new_constants_in'
    /var/lib/gems/1.8/gems/activesupport-2.0.2/lib/active_support/dependencies.rb:496:in `require'
    /var/lib/gems/1.8/gems/rails-2.0.2/lib/commands/server.rb:39
    /usr/lib/ruby/1.8/rubygems/custom_require.rb:27:in `gem_original_require'
    /usr/lib/ruby/1.8/rubygems/custom_require.rb:27:in `require'
    script/server:3

Rendering /var/lib/gems/1.8/gems/actionpack-2.0.2/lib/action_controller/templates/rescues/layout.erb (internal_server_error)


Processing CmrsController#index (for 127.0.0.1 at 2008-06-09 09:37:29) [GET]
  Session ID: BAh7BiIKZmxhc2hJQzonQWN0aW9uQ29udHJvbGxlcjo6Rmxhc2g6OkZsYXNo%0ASGFzaHsABjoKQHVzZWR7AA%3D%3D--913dbb873779805c27eb79f6c5a973558266a0f7
  Parameters: {"action"=>"index", "controller"=>"cmrs"}
Rendering template within layouts/application
Rendering cmrs/index


ActionView::TemplateError (undefined local variable or method `calendar_date_select_includes' for #<ActionView::Base:0xb6a8a8ac>) on line #23 of layouts/application.html.erb:
20:   <%= javascript_include_tag '../yui/build/tabview/tabview-min.js' %>
21: 
22:   <%= javascript_include_tag :defaults %>
23:   <%= calendar_date_select_includes %>
24: 
25:   <!--<link rel="stylesheet" type="text/css" href="http://yui.yahooapis.com/2.4.1/build/reset-fonts-grids/reset-fonts-grids.css"> -->
26: 

    app/views/layouts/application.html.erb:23:in `_run_erb_47app47views47layouts47application46html46erb'
    /var/lib/gems/1.8/gems/actionpack-2.0.2/lib/action_view/base.rb:637:in `send'
    /var/lib/gems/1.8/gems/actionpack-2.0.2/lib/action_view/base.rb:637:in `compile_and_render_template'
    /var/lib/gems/1.8/gems/actionpack-2.0.2/lib/action_view/base.rb:365:in `render_template'
    /var/lib/gems/1.8/gems/actionpack-2.0.2/lib/action_view/base.rb:316:in `render_file'
    /var/lib/gems/1.8/gems/actionpack-2.0.2/lib/action_controller/layout.rb:268:in `render_without_benchmark'
    /var/lib/gems/1.8/gems/actionpack-2.0.2/lib/action_controller/benchmarking.rb:51:in `render'
    /usr/lib/ruby/1.8/benchmark.rb:293:in `measure'
    /var/lib/gems/1.8/gems/actionpack-2.0.2/lib/action_controller/benchmarking.rb:51:in `render'
    /var/lib/gems/1.8/gems/actionpack-2.0.2/lib/action_controller/base.rb:1153:in `default_render'
    /var/lib/gems/1.8/gems/actionpack-2.0.2/lib/action_controller/base.rb:1159:in `perform_action_without_filters'
    /var/lib/gems/1.8/gems/actionpack-2.0.2/lib/action_controller/filters.rb:697:in `call_filters'
    /var/lib/gems/1.8/gems/actionpack-2.0.2/lib/action_controller/filters.rb:689:in `perform_action_without_benchmark'
    /var/lib/gems/1.8/gems/actionpack-2.0.2/lib/action_controller/benchmarking.rb:68:in `perform_action_without_rescue'
    /usr/lib/ruby/1.8/benchmark.rb:293:in `measure'
    /var/lib/gems/1.8/gems/actionpack-2.0.2/lib/action_controller/benchmarking.rb:68:in `perform_action_without_rescue'
    /var/lib/gems/1.8/gems/actionpack-2.0.2/lib/action_controller/rescue.rb:199:in `perform_action_without_caching'
    /var/lib/gems/1.8/gems/actionpack-2.0.2/lib/action_controller/caching.rb:678:in `perform_action'
    /var/lib/gems/1.8/gems/activerecord-2.0.2/lib/active_record/connection_adapters/abstract/query_cache.rb:33:in `cache'
    /var/lib/gems/1.8/gems/activerecord-2.0.2/lib/active_record/query_cache.rb:8:in `cache'
    /var/lib/gems/1.8/gems/actionpack-2.0.2/lib/action_controller/caching.rb:677:in `perform_action'
    /var/lib/gems/1.8/gems/actionpack-2.0.2/lib/action_controller/base.rb:524:in `send'
    /var/lib/gems/1.8/gems/actionpack-2.0.2/lib/action_controller/base.rb:524:in `process_without_filters'
    /var/lib/gems/1.8/gems/actionpack-2.0.2/lib/action_controller/filters.rb:685:in `process_without_session_management_support'
    /var/lib/gems/1.8/gems/actionpack-2.0.2/lib/action_controller/session_management.rb:123:in `sass_old_process'
    vendor/plugins/haml/lib/sass/plugin/rails.rb:15:in `process'
    /var/lib/gems/1.8/gems/actionpack-2.0.2/lib/action_controller/base.rb:388:in `process'
    /var/lib/gems/1.8/gems/actionpack-2.0.2/lib/action_controller/dispatcher.rb:171:in `handle_request'
    /var/lib/gems/1.8/gems/actionpack-2.0.2/lib/action_controller/dispatcher.rb:115:in `dispatch'
    /var/lib/gems/1.8/gems/actionpack-2.0.2/lib/action_controller/dispatcher.rb:126:in `dispatch_cgi'
    /var/lib/gems/1.8/gems/actionpack-2.0.2/lib/action_controller/dispatcher.rb:9:in `dispatch'
    /var/lib/gems/1.8/gems/mongrel-1.1.3/lib/mongrel/rails.rb:76:in `process'
    /var/lib/gems/1.8/gems/mongrel-1.1.3/lib/mongrel/rails.rb:74:in `synchronize'
    /var/lib/gems/1.8/gems/mongrel-1.1.3/lib/mongrel/rails.rb:74:in `process'
    /var/lib/gems/1.8/gems/mongrel-1.1.3/lib/mongrel.rb:159:in `process_client'
    /var/lib/gems/1.8/gems/mongrel-1.1.3/lib/mongrel.rb:158:in `each'
    /var/lib/gems/1.8/gems/mongrel-1.1.3/lib/mongrel.rb:158:in `process_client'
    /var/lib/gems/1.8/gems/mongrel-1.1.3/lib/mongrel.rb:285:in `run'
    /var/lib/gems/1.8/gems/mongrel-1.1.3/lib/mongrel.rb:285:in `initialize'
    /var/lib/gems/1.8/gems/mongrel-1.1.3/lib/mongrel.rb:285:in `new'
    /var/lib/gems/1.8/gems/mongrel-1.1.3/lib/mongrel.rb:285:in `run'
    /var/lib/gems/1.8/gems/mongrel-1.1.3/lib/mongrel.rb:268:in `initialize'
    /var/lib/gems/1.8/gems/mongrel-1.1.3/lib/mongrel.rb:268:in `new'
    /var/lib/gems/1.8/gems/mongrel-1.1.3/lib/mongrel.rb:268:in `run'
    /var/lib/gems/1.8/gems/mongrel-1.1.3/lib/mongrel/configurator.rb:282:in `run'
    /var/lib/gems/1.8/gems/mongrel-1.1.3/lib/mongrel/configurator.rb:281:in `each'
    /var/lib/gems/1.8/gems/mongrel-1.1.3/lib/mongrel/configurator.rb:281:in `run'
    /var/lib/gems/1.8/gems/mongrel-1.1.3/bin/mongrel_rails:128:in `run'
    /var/lib/gems/1.8/gems/mongrel-1.1.3/lib/mongrel/command.rb:212:in `run'
    /var/lib/gems/1.8/gems/mongrel-1.1.3/bin/mongrel_rails:281
    /var/lib/gems/1.8/gems/activesupport-2.0.2/lib/active_support/dependencies.rb:489:in `load'
    /var/lib/gems/1.8/gems/activesupport-2.0.2/lib/active_support/dependencies.rb:489:in `load'
    /var/lib/gems/1.8/gems/activesupport-2.0.2/lib/active_support/dependencies.rb:342:in `new_constants_in'
    /var/lib/gems/1.8/gems/activesupport-2.0.2/lib/active_support/dependencies.rb:489:in `load'
    /var/lib/gems/1.8/gems/rails-2.0.2/lib/commands/servers/mongrel.rb:64
    /usr/lib/ruby/1.8/rubygems/custom_require.rb:27:in `gem_original_require'
    /usr/lib/ruby/1.8/rubygems/custom_require.rb:27:in `require'
    /var/lib/gems/1.8/gems/activesupport-2.0.2/lib/active_support/dependencies.rb:496:in `require'
    /var/lib/gems/1.8/gems/activesupport-2.0.2/lib/active_support/dependencies.rb:342:in `new_constants_in'
    /var/lib/gems/1.8/gems/activesupport-2.0.2/lib/active_support/dependencies.rb:496:in `require'
    /var/lib/gems/1.8/gems/rails-2.0.2/lib/commands/server.rb:39
    /usr/lib/ruby/1.8/rubygems/custom_require.rb:27:in `gem_original_require'
    /usr/lib/ruby/1.8/rubygems/custom_require.rb:27:in `require'
    script/server:3

Rendering /var/lib/gems/1.8/gems/actionpack-2.0.2/lib/action_controller/templates/rescues/layout.erb (internal_server_error)


Processing CmrsController#index (for 127.0.0.1 at 2008-06-09 09:40:29) [GET]
  Session ID: BAh7BiIKZmxhc2hJQzonQWN0aW9uQ29udHJvbGxlcjo6Rmxhc2g6OkZsYXNo%0ASGFzaHsABjoKQHVzZWR7AA%3D%3D--913dbb873779805c27eb79f6c5a973558266a0f7
  Parameters: {"action"=>"index", "controller"=>"cmrs"}
Rendering template within layouts/application
Rendering cmrs/index


ActionView::TemplateError (undefined local variable or method `calendar_date_select_includes' for #<ActionView::Base:0xb6a50b70>) on line #23 of layouts/application.html.erb:
20:   <%= javascript_include_tag '../yui/build/tabview/tabview-min.js' %>
21: 
22:   <%= javascript_include_tag :defaults %>
23:   <%= calendar_date_select_includes %>
24: 
25:   <!--<link rel="stylesheet" type="text/css" href="http://yui.yahooapis.com/2.4.1/build/reset-fonts-grids/reset-fonts-grids.css"> -->
26: 

    app/views/layouts/application.html.erb:23:in `_run_erb_47app47views47layouts47application46html46erb'
    /var/lib/gems/1.8/gems/actionpack-2.0.2/lib/action_view/base.rb:637:in `send'
    /var/lib/gems/1.8/gems/actionpack-2.0.2/lib/action_view/base.rb:637:in `compile_and_render_template'
    /var/lib/gems/1.8/gems/actionpack-2.0.2/lib/action_view/base.rb:365:in `render_template'
    /var/lib/gems/1.8/gems/actionpack-2.0.2/lib/action_view/base.rb:316:in `render_file'
    /var/lib/gems/1.8/gems/actionpack-2.0.2/lib/action_controller/layout.rb:268:in `render_without_benchmark'
    /var/lib/gems/1.8/gems/actionpack-2.0.2/lib/action_controller/benchmarking.rb:51:in `render'
    /usr/lib/ruby/1.8/benchmark.rb:293:in `measure'
    /var/lib/gems/1.8/gems/actionpack-2.0.2/lib/action_controller/benchmarking.rb:51:in `render'
    /var/lib/gems/1.8/gems/actionpack-2.0.2/lib/action_controller/base.rb:1153:in `default_render'
    /var/lib/gems/1.8/gems/actionpack-2.0.2/lib/action_controller/base.rb:1159:in `perform_action_without_filters'
    /var/lib/gems/1.8/gems/actionpack-2.0.2/lib/action_controller/filters.rb:697:in `call_filters'
    /var/lib/gems/1.8/gems/actionpack-2.0.2/lib/action_controller/filters.rb:689:in `perform_action_without_benchmark'
    /var/lib/gems/1.8/gems/actionpack-2.0.2/lib/action_controller/benchmarking.rb:68:in `perform_action_without_rescue'
    /usr/lib/ruby/1.8/benchmark.rb:293:in `measure'
    /var/lib/gems/1.8/gems/actionpack-2.0.2/lib/action_controller/benchmarking.rb:68:in `perform_action_without_rescue'
    /var/lib/gems/1.8/gems/actionpack-2.0.2/lib/action_controller/rescue.rb:199:in `perform_action_without_caching'
    /var/lib/gems/1.8/gems/actionpack-2.0.2/lib/action_controller/caching.rb:678:in `perform_action'
    /var/lib/gems/1.8/gems/activerecord-2.0.2/lib/active_record/connection_adapters/abstract/query_cache.rb:33:in `cache'
    /var/lib/gems/1.8/gems/activerecord-2.0.2/lib/active_record/query_cache.rb:8:in `cache'
    /var/lib/gems/1.8/gems/actionpack-2.0.2/lib/action_controller/caching.rb:677:in `perform_action'
    /var/lib/gems/1.8/gems/actionpack-2.0.2/lib/action_controller/base.rb:524:in `send'
    /var/lib/gems/1.8/gems/actionpack-2.0.2/lib/action_controller/base.rb:524:in `process_without_filters'
    /var/lib/gems/1.8/gems/actionpack-2.0.2/lib/action_controller/filters.rb:685:in `process_without_session_management_support'
    /var/lib/gems/1.8/gems/actionpack-2.0.2/lib/action_controller/session_management.rb:123:in `sass_old_process'
    vendor/plugins/haml/lib/sass/plugin/rails.rb:15:in `process'
    /var/lib/gems/1.8/gems/actionpack-2.0.2/lib/action_controller/base.rb:388:in `process'
    /var/lib/gems/1.8/gems/actionpack-2.0.2/lib/action_controller/dispatcher.rb:171:in `handle_request'
    /var/lib/gems/1.8/gems/actionpack-2.0.2/lib/action_controller/dispatcher.rb:115:in `dispatch'
    /var/lib/gems/1.8/gems/actionpack-2.0.2/lib/action_controller/dispatcher.rb:126:in `dispatch_cgi'
    /var/lib/gems/1.8/gems/actionpack-2.0.2/lib/action_controller/dispatcher.rb:9:in `dispatch'
    /var/lib/gems/1.8/gems/mongrel-1.1.3/lib/mongrel/rails.rb:76:in `process'
    /var/lib/gems/1.8/gems/mongrel-1.1.3/lib/mongrel/rails.rb:74:in `synchronize'
    /var/lib/gems/1.8/gems/mongrel-1.1.3/lib/mongrel/rails.rb:74:in `process'
    /var/lib/gems/1.8/gems/mongrel-1.1.3/lib/mongrel.rb:159:in `process_client'
    /var/lib/gems/1.8/gems/mongrel-1.1.3/lib/mongrel.rb:158:in `each'
    /var/lib/gems/1.8/gems/mongrel-1.1.3/lib/mongrel.rb:158:in `process_client'
    /var/lib/gems/1.8/gems/mongrel-1.1.3/lib/mongrel.rb:285:in `run'
    /var/lib/gems/1.8/gems/mongrel-1.1.3/lib/mongrel.rb:285:in `initialize'
    /var/lib/gems/1.8/gems/mongrel-1.1.3/lib/mongrel.rb:285:in `new'
    /var/lib/gems/1.8/gems/mongrel-1.1.3/lib/mongrel.rb:285:in `run'
    /var/lib/gems/1.8/gems/mongrel-1.1.3/lib/mongrel.rb:268:in `initialize'
    /var/lib/gems/1.8/gems/mongrel-1.1.3/lib/mongrel.rb:268:in `new'
    /var/lib/gems/1.8/gems/mongrel-1.1.3/lib/mongrel.rb:268:in `run'
    /var/lib/gems/1.8/gems/mongrel-1.1.3/lib/mongrel/configurator.rb:282:in `run'
    /var/lib/gems/1.8/gems/mongrel-1.1.3/lib/mongrel/configurator.rb:281:in `each'
    /var/lib/gems/1.8/gems/mongrel-1.1.3/lib/mongrel/configurator.rb:281:in `run'
    /var/lib/gems/1.8/gems/mongrel-1.1.3/bin/mongrel_rails:128:in `run'
    /var/lib/gems/1.8/gems/mongrel-1.1.3/lib/mongrel/command.rb:212:in `run'
    /var/lib/gems/1.8/gems/mongrel-1.1.3/bin/mongrel_rails:281
    /var/lib/gems/1.8/gems/activesupport-2.0.2/lib/active_support/dependencies.rb:489:in `load'
    /var/lib/gems/1.8/gems/activesupport-2.0.2/lib/active_support/dependencies.rb:489:in `load'
    /var/lib/gems/1.8/gems/activesupport-2.0.2/lib/active_support/dependencies.rb:342:in `new_constants_in'
    /var/lib/gems/1.8/gems/activesupport-2.0.2/lib/active_support/dependencies.rb:489:in `load'
    /var/lib/gems/1.8/gems/rails-2.0.2/lib/commands/servers/mongrel.rb:64
    /usr/lib/ruby/1.8/rubygems/custom_require.rb:27:in `gem_original_require'
    /usr/lib/ruby/1.8/rubygems/custom_require.rb:27:in `require'
    /var/lib/gems/1.8/gems/activesupport-2.0.2/lib/active_support/dependencies.rb:496:in `require'
    /var/lib/gems/1.8/gems/activesupport-2.0.2/lib/active_support/dependencies.rb:342:in `new_constants_in'
    /var/lib/gems/1.8/gems/activesupport-2.0.2/lib/active_support/dependencies.rb:496:in `require'
    /var/lib/gems/1.8/gems/rails-2.0.2/lib/commands/server.rb:39
    /usr/lib/ruby/1.8/rubygems/custom_require.rb:27:in `gem_original_require'
    /usr/lib/ruby/1.8/rubygems/custom_require.rb:27:in `require'
    script/server:3

Rendering /var/lib/gems/1.8/gems/actionpack-2.0.2/lib/action_controller/templates/rescues/layout.erb (internal_server_error)


Processing CmrsController#index (for 127.0.0.1 at 2008-06-09 09:41:16) [GET]
  Session ID: BAh7BiIKZmxhc2hJQzonQWN0aW9uQ29udHJvbGxlcjo6Rmxhc2g6OkZsYXNo%0ASGFzaHsABjoKQHVzZWR7AA%3D%3D--913dbb873779805c27eb79f6c5a973558266a0f7
  Parameters: {"action"=>"index", "controller"=>"cmrs"}
Rendering template within layouts/application
Rendering cmrs/index


ActionView::TemplateError (undefined local variable or method `calendar_date_select_includes' for #<ActionView::Base:0xb6aa9e3c>) on line #23 of layouts/application.html.erb:
20:   <%= javascript_include_tag '../yui/build/tabview/tabview-min.js' %>
21: 
22:   <%= javascript_include_tag :defaults %>
23:   <%= calendar_date_select_includes %>
24: 
25:   <!--<link rel="stylesheet" type="text/css" href="http://yui.yahooapis.com/2.4.1/build/reset-fonts-grids/reset-fonts-grids.css"> -->
26: 

    app/views/layouts/application.html.erb:23:in `_run_erb_47app47views47layouts47application46html46erb'
    /var/lib/gems/1.8/gems/actionpack-2.0.2/lib/action_view/base.rb:637:in `send'
    /var/lib/gems/1.8/gems/actionpack-2.0.2/lib/action_view/base.rb:637:in `compile_and_render_template'
    /var/lib/gems/1.8/gems/actionpack-2.0.2/lib/action_view/base.rb:365:in `render_template'
    /var/lib/gems/1.8/gems/actionpack-2.0.2/lib/action_view/base.rb:316:in `render_file'
    /var/lib/gems/1.8/gems/actionpack-2.0.2/lib/action_controller/layout.rb:268:in `render_without_benchmark'
    /var/lib/gems/1.8/gems/actionpack-2.0.2/lib/action_controller/benchmarking.rb:51:in `render'
    /usr/lib/ruby/1.8/benchmark.rb:293:in `measure'
    /var/lib/gems/1.8/gems/actionpack-2.0.2/lib/action_controller/benchmarking.rb:51:in `render'
    /var/lib/gems/1.8/gems/actionpack-2.0.2/lib/action_controller/base.rb:1153:in `default_render'
    /var/lib/gems/1.8/gems/actionpack-2.0.2/lib/action_controller/base.rb:1159:in `perform_action_without_filters'
    /var/lib/gems/1.8/gems/actionpack-2.0.2/lib/action_controller/filters.rb:697:in `call_filters'
    /var/lib/gems/1.8/gems/actionpack-2.0.2/lib/action_controller/filters.rb:689:in `perform_action_without_benchmark'
    /var/lib/gems/1.8/gems/actionpack-2.0.2/lib/action_controller/benchmarking.rb:68:in `perform_action_without_rescue'
    /usr/lib/ruby/1.8/benchmark.rb:293:in `measure'
    /var/lib/gems/1.8/gems/actionpack-2.0.2/lib/action_controller/benchmarking.rb:68:in `perform_action_without_rescue'
    /var/lib/gems/1.8/gems/actionpack-2.0.2/lib/action_controller/rescue.rb:199:in `perform_action_without_caching'
    /var/lib/gems/1.8/gems/actionpack-2.0.2/lib/action_controller/caching.rb:678:in `perform_action'
    /var/lib/gems/1.8/gems/activerecord-2.0.2/lib/active_record/connection_adapters/abstract/query_cache.rb:33:in `cache'
    /var/lib/gems/1.8/gems/activerecord-2.0.2/lib/active_record/query_cache.rb:8:in `cache'
    /var/lib/gems/1.8/gems/actionpack-2.0.2/lib/action_controller/caching.rb:677:in `perform_action'
    /var/lib/gems/1.8/gems/actionpack-2.0.2/lib/action_controller/base.rb:524:in `send'
    /var/lib/gems/1.8/gems/actionpack-2.0.2/lib/action_controller/base.rb:524:in `process_without_filters'
    /var/lib/gems/1.8/gems/actionpack-2.0.2/lib/action_controller/filters.rb:685:in `process_without_session_management_support'
    /var/lib/gems/1.8/gems/actionpack-2.0.2/lib/action_controller/session_management.rb:123:in `sass_old_process'
    vendor/plugins/haml/lib/sass/plugin/rails.rb:15:in `process'
    /var/lib/gems/1.8/gems/actionpack-2.0.2/lib/action_controller/base.rb:388:in `process'
    /var/lib/gems/1.8/gems/actionpack-2.0.2/lib/action_controller/dispatcher.rb:171:in `handle_request'
    /var/lib/gems/1.8/gems/actionpack-2.0.2/lib/action_controller/dispatcher.rb:115:in `dispatch'
    /var/lib/gems/1.8/gems/actionpack-2.0.2/lib/action_controller/dispatcher.rb:126:in `dispatch_cgi'
    /var/lib/gems/1.8/gems/actionpack-2.0.2/lib/action_controller/dispatcher.rb:9:in `dispatch'
    /var/lib/gems/1.8/gems/mongrel-1.1.3/lib/mongrel/rails.rb:76:in `process'
    /var/lib/gems/1.8/gems/mongrel-1.1.3/lib/mongrel/rails.rb:74:in `synchronize'
    /var/lib/gems/1.8/gems/mongrel-1.1.3/lib/mongrel/rails.rb:74:in `process'
    /var/lib/gems/1.8/gems/mongrel-1.1.3/lib/mongrel.rb:159:in `process_client'
    /var/lib/gems/1.8/gems/mongrel-1.1.3/lib/mongrel.rb:158:in `each'
    /var/lib/gems/1.8/gems/mongrel-1.1.3/lib/mongrel.rb:158:in `process_client'
    /var/lib/gems/1.8/gems/mongrel-1.1.3/lib/mongrel.rb:285:in `run'
    /var/lib/gems/1.8/gems/mongrel-1.1.3/lib/mongrel.rb:285:in `initialize'
    /var/lib/gems/1.8/gems/mongrel-1.1.3/lib/mongrel.rb:285:in `new'
    /var/lib/gems/1.8/gems/mongrel-1.1.3/lib/mongrel.rb:285:in `run'
    /var/lib/gems/1.8/gems/mongrel-1.1.3/lib/mongrel.rb:268:in `initialize'
    /var/lib/gems/1.8/gems/mongrel-1.1.3/lib/mongrel.rb:268:in `new'
    /var/lib/gems/1.8/gems/mongrel-1.1.3/lib/mongrel.rb:268:in `run'
    /var/lib/gems/1.8/gems/mongrel-1.1.3/lib/mongrel/configurator.rb:282:in `run'
    /var/lib/gems/1.8/gems/mongrel-1.1.3/lib/mongrel/configurator.rb:281:in `each'
    /var/lib/gems/1.8/gems/mongrel-1.1.3/lib/mongrel/configurator.rb:281:in `run'
    /var/lib/gems/1.8/gems/mongrel-1.1.3/bin/mongrel_rails:128:in `run'
    /var/lib/gems/1.8/gems/mongrel-1.1.3/lib/mongrel/command.rb:212:in `run'
    /var/lib/gems/1.8/gems/mongrel-1.1.3/bin/mongrel_rails:281
    /var/lib/gems/1.8/gems/activesupport-2.0.2/lib/active_support/dependencies.rb:489:in `load'
    /var/lib/gems/1.8/gems/activesupport-2.0.2/lib/active_support/dependencies.rb:489:in `load'
    /var/lib/gems/1.8/gems/activesupport-2.0.2/lib/active_support/dependencies.rb:342:in `new_constants_in'
    /var/lib/gems/1.8/gems/activesupport-2.0.2/lib/active_support/dependencies.rb:489:in `load'
    /var/lib/gems/1.8/gems/rails-2.0.2/lib/commands/servers/mongrel.rb:64
    /usr/lib/ruby/1.8/rubygems/custom_require.rb:27:in `gem_original_require'
    /usr/lib/ruby/1.8/rubygems/custom_require.rb:27:in `require'
    /var/lib/gems/1.8/gems/activesupport-2.0.2/lib/active_support/dependencies.rb:496:in `require'
    /var/lib/gems/1.8/gems/activesupport-2.0.2/lib/active_support/dependencies.rb:342:in `new_constants_in'
    /var/lib/gems/1.8/gems/activesupport-2.0.2/lib/active_support/dependencies.rb:496:in `require'
    /var/lib/gems/1.8/gems/rails-2.0.2/lib/commands/server.rb:39
    /usr/lib/ruby/1.8/rubygems/custom_require.rb:27:in `gem_original_require'
    /usr/lib/ruby/1.8/rubygems/custom_require.rb:27:in `require'
    script/server:3

Rendering /var/lib/gems/1.8/gems/actionpack-2.0.2/lib/action_controller/templates/rescues/layout.erb (internal_server_error)


Processing CmrsController#index (for 127.0.0.1 at 2008-06-09 09:41:50) [GET]
  Session ID: BAh7BiIKZmxhc2hJQzonQWN0aW9uQ29udHJvbGxlcjo6Rmxhc2g6OkZsYXNo%0ASGFzaHsABjoKQHVzZWR7AA%3D%3D--913dbb873779805c27eb79f6c5a973558266a0f7
  Parameters: {"action"=>"index", "controller"=>"cmrs"}
Rendering template within layouts/application
Rendering cmrs/index


ActionView::TemplateError (undefined local variable or method `home_path' for #<ActionView::Base:0xb69d8cc4>) on line #34 of layouts/application.html.erb:
31: <div id="doc"><!--doc, doc2, doc3, or doc4; controls overall pg width-->
32: <div class="hd" id="hd"><!--header / masthead -->
33: 
34: <a href="<%= home_path -%>"><%= image_tag("logo.gif", :border => 0) -%></a>
35: 
36: </div>
37: 

    app/views/layouts/application.html.erb:34:in `_run_erb_47app47views47layouts47application46html46erb'
    /var/lib/gems/1.8/gems/actionpack-2.0.2/lib/action_view/base.rb:637:in `send'
    /var/lib/gems/1.8/gems/actionpack-2.0.2/lib/action_view/base.rb:637:in `compile_and_render_template'
    /var/lib/gems/1.8/gems/actionpack-2.0.2/lib/action_view/base.rb:365:in `render_template'
    /var/lib/gems/1.8/gems/actionpack-2.0.2/lib/action_view/base.rb:316:in `render_file'
    /var/lib/gems/1.8/gems/actionpack-2.0.2/lib/action_controller/layout.rb:268:in `render_without_benchmark'
    /var/lib/gems/1.8/gems/actionpack-2.0.2/lib/action_controller/benchmarking.rb:51:in `render'
    /usr/lib/ruby/1.8/benchmark.rb:293:in `measure'
    /var/lib/gems/1.8/gems/actionpack-2.0.2/lib/action_controller/benchmarking.rb:51:in `render'
    /var/lib/gems/1.8/gems/actionpack-2.0.2/lib/action_controller/base.rb:1153:in `default_render'
    /var/lib/gems/1.8/gems/actionpack-2.0.2/lib/action_controller/base.rb:1159:in `perform_action_without_filters'
    /var/lib/gems/1.8/gems/actionpack-2.0.2/lib/action_controller/filters.rb:697:in `call_filters'
    /var/lib/gems/1.8/gems/actionpack-2.0.2/lib/action_controller/filters.rb:689:in `perform_action_without_benchmark'
    /var/lib/gems/1.8/gems/actionpack-2.0.2/lib/action_controller/benchmarking.rb:68:in `perform_action_without_rescue'
    /usr/lib/ruby/1.8/benchmark.rb:293:in `measure'
    /var/lib/gems/1.8/gems/actionpack-2.0.2/lib/action_controller/benchmarking.rb:68:in `perform_action_without_rescue'
    /var/lib/gems/1.8/gems/actionpack-2.0.2/lib/action_controller/rescue.rb:199:in `perform_action_without_caching'
    /var/lib/gems/1.8/gems/actionpack-2.0.2/lib/action_controller/caching.rb:678:in `perform_action'
    /var/lib/gems/1.8/gems/activerecord-2.0.2/lib/active_record/connection_adapters/abstract/query_cache.rb:33:in `cache'
    /var/lib/gems/1.8/gems/activerecord-2.0.2/lib/active_record/query_cache.rb:8:in `cache'
    /var/lib/gems/1.8/gems/actionpack-2.0.2/lib/action_controller/caching.rb:677:in `perform_action'
    /var/lib/gems/1.8/gems/actionpack-2.0.2/lib/action_controller/base.rb:524:in `send'
    /var/lib/gems/1.8/gems/actionpack-2.0.2/lib/action_controller/base.rb:524:in `process_without_filters'
    /var/lib/gems/1.8/gems/actionpack-2.0.2/lib/action_controller/filters.rb:685:in `process_without_session_management_support'
    /var/lib/gems/1.8/gems/actionpack-2.0.2/lib/action_controller/session_management.rb:123:in `sass_old_process'
    vendor/plugins/haml/lib/sass/plugin/rails.rb:15:in `process'
    /var/lib/gems/1.8/gems/actionpack-2.0.2/lib/action_controller/base.rb:388:in `process'
    /var/lib/gems/1.8/gems/actionpack-2.0.2/lib/action_controller/dispatcher.rb:171:in `handle_request'
    /var/lib/gems/1.8/gems/actionpack-2.0.2/lib/action_controller/dispatcher.rb:115:in `dispatch'
    /var/lib/gems/1.8/gems/actionpack-2.0.2/lib/action_controller/dispatcher.rb:126:in `dispatch_cgi'
    /var/lib/gems/1.8/gems/actionpack-2.0.2/lib/action_controller/dispatcher.rb:9:in `dispatch'
    /var/lib/gems/1.8/gems/mongrel-1.1.3/lib/mongrel/rails.rb:76:in `process'
    /var/lib/gems/1.8/gems/mongrel-1.1.3/lib/mongrel/rails.rb:74:in `synchronize'
    /var/lib/gems/1.8/gems/mongrel-1.1.3/lib/mongrel/rails.rb:74:in `process'
    /var/lib/gems/1.8/gems/mongrel-1.1.3/lib/mongrel.rb:159:in `process_client'
    /var/lib/gems/1.8/gems/mongrel-1.1.3/lib/mongrel.rb:158:in `each'
    /var/lib/gems/1.8/gems/mongrel-1.1.3/lib/mongrel.rb:158:in `process_client'
    /var/lib/gems/1.8/gems/mongrel-1.1.3/lib/mongrel.rb:285:in `run'
    /var/lib/gems/1.8/gems/mongrel-1.1.3/lib/mongrel.rb:285:in `initialize'
    /var/lib/gems/1.8/gems/mongrel-1.1.3/lib/mongrel.rb:285:in `new'
    /var/lib/gems/1.8/gems/mongrel-1.1.3/lib/mongrel.rb:285:in `run'
    /var/lib/gems/1.8/gems/mongrel-1.1.3/lib/mongrel.rb:268:in `initialize'
    /var/lib/gems/1.8/gems/mongrel-1.1.3/lib/mongrel.rb:268:in `new'
    /var/lib/gems/1.8/gems/mongrel-1.1.3/lib/mongrel.rb:268:in `run'
    /var/lib/gems/1.8/gems/mongrel-1.1.3/lib/mongrel/configurator.rb:282:in `run'
    /var/lib/gems/1.8/gems/mongrel-1.1.3/lib/mongrel/configurator.rb:281:in `each'
    /var/lib/gems/1.8/gems/mongrel-1.1.3/lib/mongrel/configurator.rb:281:in `run'
    /var/lib/gems/1.8/gems/mongrel-1.1.3/bin/mongrel_rails:128:in `run'
    /var/lib/gems/1.8/gems/mongrel-1.1.3/lib/mongrel/command.rb:212:in `run'
    /var/lib/gems/1.8/gems/mongrel-1.1.3/bin/mongrel_rails:281
    /var/lib/gems/1.8/gems/activesupport-2.0.2/lib/active_support/dependencies.rb:489:in `load'
    /var/lib/gems/1.8/gems/activesupport-2.0.2/lib/active_support/dependencies.rb:489:in `load'
    /var/lib/gems/1.8/gems/activesupport-2.0.2/lib/active_support/dependencies.rb:342:in `new_constants_in'
    /var/lib/gems/1.8/gems/activesupport-2.0.2/lib/active_support/dependencies.rb:489:in `load'
    /var/lib/gems/1.8/gems/rails-2.0.2/lib/commands/servers/mongrel.rb:64
    /usr/lib/ruby/1.8/rubygems/custom_require.rb:27:in `gem_original_require'
    /usr/lib/ruby/1.8/rubygems/custom_require.rb:27:in `require'
    /var/lib/gems/1.8/gems/activesupport-2.0.2/lib/active_support/dependencies.rb:496:in `require'
    /var/lib/gems/1.8/gems/activesupport-2.0.2/lib/active_support/dependencies.rb:342:in `new_constants_in'
    /var/lib/gems/1.8/gems/activesupport-2.0.2/lib/active_support/dependencies.rb:496:in `require'
    /var/lib/gems/1.8/gems/rails-2.0.2/lib/commands/server.rb:39
    /usr/lib/ruby/1.8/rubygems/custom_require.rb:27:in `gem_original_require'
    /usr/lib/ruby/1.8/rubygems/custom_require.rb:27:in `require'
    script/server:3

Rendering /var/lib/gems/1.8/gems/actionpack-2.0.2/lib/action_controller/templates/rescues/layout.erb (internal_server_error)


Processing CmrsController#index (for 127.0.0.1 at 2008-06-09 09:41:52) [GET]
  Session ID: BAh7BiIKZmxhc2hJQzonQWN0aW9uQ29udHJvbGxlcjo6Rmxhc2g6OkZsYXNo%0ASGFzaHsABjoKQHVzZWR7AA%3D%3D--913dbb873779805c27eb79f6c5a973558266a0f7
  Parameters: {"action"=>"index", "controller"=>"cmrs"}
Rendering template within layouts/application
Rendering cmrs/index


ActionView::TemplateError (undefined local variable or method `home_path' for #<ActionView::Base:0xb699f2f8>) on line #34 of layouts/application.html.erb:
31: <div id="doc"><!--doc, doc2, doc3, or doc4; controls overall pg width-->
32: <div class="hd" id="hd"><!--header / masthead -->
33: 
34: <a href="<%= home_path -%>"><%= image_tag("logo.gif", :border => 0) -%></a>
35: 
36: </div>
37: 

    app/views/layouts/application.html.erb:34:in `_run_erb_47app47views47layouts47application46html46erb'
    /var/lib/gems/1.8/gems/actionpack-2.0.2/lib/action_view/base.rb:637:in `send'
    /var/lib/gems/1.8/gems/actionpack-2.0.2/lib/action_view/base.rb:637:in `compile_and_render_template'
    /var/lib/gems/1.8/gems/actionpack-2.0.2/lib/action_view/base.rb:365:in `render_template'
    /var/lib/gems/1.8/gems/actionpack-2.0.2/lib/action_view/base.rb:316:in `render_file'
    /var/lib/gems/1.8/gems/actionpack-2.0.2/lib/action_controller/layout.rb:268:in `render_without_benchmark'
    /var/lib/gems/1.8/gems/actionpack-2.0.2/lib/action_controller/benchmarking.rb:51:in `render'
    /usr/lib/ruby/1.8/benchmark.rb:293:in `measure'
    /var/lib/gems/1.8/gems/actionpack-2.0.2/lib/action_controller/benchmarking.rb:51:in `render'
    /var/lib/gems/1.8/gems/actionpack-2.0.2/lib/action_controller/base.rb:1153:in `default_render'
    /var/lib/gems/1.8/gems/actionpack-2.0.2/lib/action_controller/base.rb:1159:in `perform_action_without_filters'
    /var/lib/gems/1.8/gems/actionpack-2.0.2/lib/action_controller/filters.rb:697:in `call_filters'
    /var/lib/gems/1.8/gems/actionpack-2.0.2/lib/action_controller/filters.rb:689:in `perform_action_without_benchmark'
    /var/lib/gems/1.8/gems/actionpack-2.0.2/lib/action_controller/benchmarking.rb:68:in `perform_action_without_rescue'
    /usr/lib/ruby/1.8/benchmark.rb:293:in `measure'
    /var/lib/gems/1.8/gems/actionpack-2.0.2/lib/action_controller/benchmarking.rb:68:in `perform_action_without_rescue'
    /var/lib/gems/1.8/gems/actionpack-2.0.2/lib/action_controller/rescue.rb:199:in `perform_action_without_caching'
    /var/lib/gems/1.8/gems/actionpack-2.0.2/lib/action_controller/caching.rb:678:in `perform_action'
    /var/lib/gems/1.8/gems/activerecord-2.0.2/lib/active_record/connection_adapters/abstract/query_cache.rb:33:in `cache'
    /var/lib/gems/1.8/gems/activerecord-2.0.2/lib/active_record/query_cache.rb:8:in `cache'
    /var/lib/gems/1.8/gems/actionpack-2.0.2/lib/action_controller/caching.rb:677:in `perform_action'
    /var/lib/gems/1.8/gems/actionpack-2.0.2/lib/action_controller/base.rb:524:in `send'
    /var/lib/gems/1.8/gems/actionpack-2.0.2/lib/action_controller/base.rb:524:in `process_without_filters'
    /var/lib/gems/1.8/gems/actionpack-2.0.2/lib/action_controller/filters.rb:685:in `process_without_session_management_support'
    /var/lib/gems/1.8/gems/actionpack-2.0.2/lib/action_controller/session_management.rb:123:in `sass_old_process'
    vendor/plugins/haml/lib/sass/plugin/rails.rb:15:in `process'
    /var/lib/gems/1.8/gems/actionpack-2.0.2/lib/action_controller/base.rb:388:in `process'
    /var/lib/gems/1.8/gems/actionpack-2.0.2/lib/action_controller/dispatcher.rb:171:in `handle_request'
    /var/lib/gems/1.8/gems/actionpack-2.0.2/lib/action_controller/dispatcher.rb:115:in `dispatch'
    /var/lib/gems/1.8/gems/actionpack-2.0.2/lib/action_controller/dispatcher.rb:126:in `dispatch_cgi'
    /var/lib/gems/1.8/gems/actionpack-2.0.2/lib/action_controller/dispatcher.rb:9:in `dispatch'
    /var/lib/gems/1.8/gems/mongrel-1.1.3/lib/mongrel/rails.rb:76:in `process'
    /var/lib/gems/1.8/gems/mongrel-1.1.3/lib/mongrel/rails.rb:74:in `synchronize'
    /var/lib/gems/1.8/gems/mongrel-1.1.3/lib/mongrel/rails.rb:74:in `process'
    /var/lib/gems/1.8/gems/mongrel-1.1.3/lib/mongrel.rb:159:in `process_client'
    /var/lib/gems/1.8/gems/mongrel-1.1.3/lib/mongrel.rb:158:in `each'
    /var/lib/gems/1.8/gems/mongrel-1.1.3/lib/mongrel.rb:158:in `process_client'
    /var/lib/gems/1.8/gems/mongrel-1.1.3/lib/mongrel.rb:285:in `run'
    /var/lib/gems/1.8/gems/mongrel-1.1.3/lib/mongrel.rb:285:in `initialize'
    /var/lib/gems/1.8/gems/mongrel-1.1.3/lib/mongrel.rb:285:in `new'
    /var/lib/gems/1.8/gems/mongrel-1.1.3/lib/mongrel.rb:285:in `run'
    /var/lib/gems/1.8/gems/mongrel-1.1.3/lib/mongrel.rb:268:in `initialize'
    /var/lib/gems/1.8/gems/mongrel-1.1.3/lib/mongrel.rb:268:in `new'
    /var/lib/gems/1.8/gems/mongrel-1.1.3/lib/mongrel.rb:268:in `run'
    /var/lib/gems/1.8/gems/mongrel-1.1.3/lib/mongrel/configurator.rb:282:in `run'
    /var/lib/gems/1.8/gems/mongrel-1.1.3/lib/mongrel/configurator.rb:281:in `each'
    /var/lib/gems/1.8/gems/mongrel-1.1.3/lib/mongrel/configurator.rb:281:in `run'
    /var/lib/gems/1.8/gems/mongrel-1.1.3/bin/mongrel_rails:128:in `run'
    /var/lib/gems/1.8/gems/mongrel-1.1.3/lib/mongrel/command.rb:212:in `run'
    /var/lib/gems/1.8/gems/mongrel-1.1.3/bin/mongrel_rails:281
    /var/lib/gems/1.8/gems/activesupport-2.0.2/lib/active_support/dependencies.rb:489:in `load'
    /var/lib/gems/1.8/gems/activesupport-2.0.2/lib/active_support/dependencies.rb:489:in `load'
    /var/lib/gems/1.8/gems/activesupport-2.0.2/lib/active_support/dependencies.rb:342:in `new_constants_in'
    /var/lib/gems/1.8/gems/activesupport-2.0.2/lib/active_support/dependencies.rb:489:in `load'
    /var/lib/gems/1.8/gems/rails-2.0.2/lib/commands/servers/mongrel.rb:64
    /usr/lib/ruby/1.8/rubygems/custom_require.rb:27:in `gem_original_require'
    /usr/lib/ruby/1.8/rubygems/custom_require.rb:27:in `require'
    /var/lib/gems/1.8/gems/activesupport-2.0.2/lib/active_support/dependencies.rb:496:in `require'
    /var/lib/gems/1.8/gems/activesupport-2.0.2/lib/active_support/dependencies.rb:342:in `new_constants_in'
    /var/lib/gems/1.8/gems/activesupport-2.0.2/lib/active_support/dependencies.rb:496:in `require'
    /var/lib/gems/1.8/gems/rails-2.0.2/lib/commands/server.rb:39
    /usr/lib/ruby/1.8/rubygems/custom_require.rb:27:in `gem_original_require'
    /usr/lib/ruby/1.8/rubygems/custom_require.rb:27:in `require'
    script/server:3

Rendering /var/lib/gems/1.8/gems/actionpack-2.0.2/lib/action_controller/templates/rescues/layout.erb (internal_server_error)


Processing CmrsController#index (for 127.0.0.1 at 2008-06-09 09:42:56) [GET]
  Session ID: BAh7BiIKZmxhc2hJQzonQWN0aW9uQ29udHJvbGxlcjo6Rmxhc2g6OkZsYXNo%0ASGFzaHsABjoKQHVzZWR7AA%3D%3D--913dbb873779805c27eb79f6c5a973558266a0f7
  Parameters: {"action"=>"index", "controller"=>"cmrs"}
Rendering template within layouts/application
Rendering cmrs/index


ActionView::TemplateError (undefined local variable or method `cmrs_path' for #<ActionView::Base:0xb69f1454>) on line #43 of layouts/application.html.erb:
40: <br/>
41: 
42: <%= link_to 'Home', :controller => "dashboard", :action => "index" %><br/>
43: <%= link_to 'View CMRs', cmrs_path %><br/>
44: <%= link_to 'New CMR', new_cmr_path %><br/>
45: 
46: <br/>

    app/views/layouts/application.html.erb:43:in `_run_erb_47app47views47layouts47application46html46erb'
    /var/lib/gems/1.8/gems/actionpack-2.0.2/lib/action_view/base.rb:637:in `send'
    /var/lib/gems/1.8/gems/actionpack-2.0.2/lib/action_view/base.rb:637:in `compile_and_render_template'
    /var/lib/gems/1.8/gems/actionpack-2.0.2/lib/action_view/base.rb:365:in `render_template'
    /var/lib/gems/1.8/gems/actionpack-2.0.2/lib/action_view/base.rb:316:in `render_file'
    /var/lib/gems/1.8/gems/actionpack-2.0.2/lib/action_controller/layout.rb:268:in `render_without_benchmark'
    /var/lib/gems/1.8/gems/actionpack-2.0.2/lib/action_controller/benchmarking.rb:51:in `render'
    /usr/lib/ruby/1.8/benchmark.rb:293:in `measure'
    /var/lib/gems/1.8/gems/actionpack-2.0.2/lib/action_controller/benchmarking.rb:51:in `render'
    /var/lib/gems/1.8/gems/actionpack-2.0.2/lib/action_controller/base.rb:1153:in `default_render'
    /var/lib/gems/1.8/gems/actionpack-2.0.2/lib/action_controller/base.rb:1159:in `perform_action_without_filters'
    /var/lib/gems/1.8/gems/actionpack-2.0.2/lib/action_controller/filters.rb:697:in `call_filters'
    /var/lib/gems/1.8/gems/actionpack-2.0.2/lib/action_controller/filters.rb:689:in `perform_action_without_benchmark'
    /var/lib/gems/1.8/gems/actionpack-2.0.2/lib/action_controller/benchmarking.rb:68:in `perform_action_without_rescue'
    /usr/lib/ruby/1.8/benchmark.rb:293:in `measure'
    /var/lib/gems/1.8/gems/actionpack-2.0.2/lib/action_controller/benchmarking.rb:68:in `perform_action_without_rescue'
    /var/lib/gems/1.8/gems/actionpack-2.0.2/lib/action_controller/rescue.rb:199:in `perform_action_without_caching'
    /var/lib/gems/1.8/gems/actionpack-2.0.2/lib/action_controller/caching.rb:678:in `perform_action'
    /var/lib/gems/1.8/gems/activerecord-2.0.2/lib/active_record/connection_adapters/abstract/query_cache.rb:33:in `cache'
    /var/lib/gems/1.8/gems/activerecord-2.0.2/lib/active_record/query_cache.rb:8:in `cache'
    /var/lib/gems/1.8/gems/actionpack-2.0.2/lib/action_controller/caching.rb:677:in `perform_action'
    /var/lib/gems/1.8/gems/actionpack-2.0.2/lib/action_controller/base.rb:524:in `send'
    /var/lib/gems/1.8/gems/actionpack-2.0.2/lib/action_controller/base.rb:524:in `process_without_filters'
    /var/lib/gems/1.8/gems/actionpack-2.0.2/lib/action_controller/filters.rb:685:in `process_without_session_management_support'
    /var/lib/gems/1.8/gems/actionpack-2.0.2/lib/action_controller/session_management.rb:123:in `sass_old_process'
    vendor/plugins/haml/lib/sass/plugin/rails.rb:15:in `process'
    /var/lib/gems/1.8/gems/actionpack-2.0.2/lib/action_controller/base.rb:388:in `process'
    /var/lib/gems/1.8/gems/actionpack-2.0.2/lib/action_controller/dispatcher.rb:171:in `handle_request'
    /var/lib/gems/1.8/gems/actionpack-2.0.2/lib/action_controller/dispatcher.rb:115:in `dispatch'
    /var/lib/gems/1.8/gems/actionpack-2.0.2/lib/action_controller/dispatcher.rb:126:in `dispatch_cgi'
    /var/lib/gems/1.8/gems/actionpack-2.0.2/lib/action_controller/dispatcher.rb:9:in `dispatch'
    /var/lib/gems/1.8/gems/mongrel-1.1.3/lib/mongrel/rails.rb:76:in `process'
    /var/lib/gems/1.8/gems/mongrel-1.1.3/lib/mongrel/rails.rb:74:in `synchronize'
    /var/lib/gems/1.8/gems/mongrel-1.1.3/lib/mongrel/rails.rb:74:in `process'
    /var/lib/gems/1.8/gems/mongrel-1.1.3/lib/mongrel.rb:159:in `process_client'
    /var/lib/gems/1.8/gems/mongrel-1.1.3/lib/mongrel.rb:158:in `each'
    /var/lib/gems/1.8/gems/mongrel-1.1.3/lib/mongrel.rb:158:in `process_client'
    /var/lib/gems/1.8/gems/mongrel-1.1.3/lib/mongrel.rb:285:in `run'
    /var/lib/gems/1.8/gems/mongrel-1.1.3/lib/mongrel.rb:285:in `initialize'
    /var/lib/gems/1.8/gems/mongrel-1.1.3/lib/mongrel.rb:285:in `new'
    /var/lib/gems/1.8/gems/mongrel-1.1.3/lib/mongrel.rb:285:in `run'
    /var/lib/gems/1.8/gems/mongrel-1.1.3/lib/mongrel.rb:268:in `initialize'
    /var/lib/gems/1.8/gems/mongrel-1.1.3/lib/mongrel.rb:268:in `new'
    /var/lib/gems/1.8/gems/mongrel-1.1.3/lib/mongrel.rb:268:in `run'
    /var/lib/gems/1.8/gems/mongrel-1.1.3/lib/mongrel/configurator.rb:282:in `run'
    /var/lib/gems/1.8/gems/mongrel-1.1.3/lib/mongrel/configurator.rb:281:in `each'
    /var/lib/gems/1.8/gems/mongrel-1.1.3/lib/mongrel/configurator.rb:281:in `run'
    /var/lib/gems/1.8/gems/mongrel-1.1.3/bin/mongrel_rails:128:in `run'
    /var/lib/gems/1.8/gems/mongrel-1.1.3/lib/mongrel/command.rb:212:in `run'
    /var/lib/gems/1.8/gems/mongrel-1.1.3/bin/mongrel_rails:281
    /var/lib/gems/1.8/gems/activesupport-2.0.2/lib/active_support/dependencies.rb:489:in `load'
    /var/lib/gems/1.8/gems/activesupport-2.0.2/lib/active_support/dependencies.rb:489:in `load'
    /var/lib/gems/1.8/gems/activesupport-2.0.2/lib/active_support/dependencies.rb:342:in `new_constants_in'
    /var/lib/gems/1.8/gems/activesupport-2.0.2/lib/active_support/dependencies.rb:489:in `load'
    /var/lib/gems/1.8/gems/rails-2.0.2/lib/commands/servers/mongrel.rb:64
    /usr/lib/ruby/1.8/rubygems/custom_require.rb:27:in `gem_original_require'
    /usr/lib/ruby/1.8/rubygems/custom_require.rb:27:in `require'
    /var/lib/gems/1.8/gems/activesupport-2.0.2/lib/active_support/dependencies.rb:496:in `require'
    /var/lib/gems/1.8/gems/activesupport-2.0.2/lib/active_support/dependencies.rb:342:in `new_constants_in'
    /var/lib/gems/1.8/gems/activesupport-2.0.2/lib/active_support/dependencies.rb:496:in `require'
    /var/lib/gems/1.8/gems/rails-2.0.2/lib/commands/server.rb:39
    /usr/lib/ruby/1.8/rubygems/custom_require.rb:27:in `gem_original_require'
    /usr/lib/ruby/1.8/rubygems/custom_require.rb:27:in `require'
    script/server:3

Rendering /var/lib/gems/1.8/gems/actionpack-2.0.2/lib/action_controller/templates/rescues/layout.erb (internal_server_error)


Processing CmrsController#index (for 127.0.0.1 at 2008-06-09 09:46:53) [GET]
  Session ID: BAh7BiIKZmxhc2hJQzonQWN0aW9uQ29udHJvbGxlcjo6Rmxhc2g6OkZsYXNo%0ASGFzaHsABjoKQHVzZWR7AA%3D%3D--913dbb873779805c27eb79f6c5a973558266a0f7
  Parameters: {"action"=>"index", "controller"=>"cmrs"}
Rendering template within layouts/application
Rendering cmrs/index
Completed in 0.00929 (107 reqs/sec) | Rendering: 0.00660 (70%) | DB: 0.00000 (0%) | 200 OK [http://localhost/cmrs]


Processing CmrsController#index (for 127.0.0.1 at 2008-06-09 09:47:34) [GET]
  Session ID: BAh7BiIKZmxhc2hJQzonQWN0aW9uQ29udHJvbGxlcjo6Rmxhc2g6OkZsYXNo%0ASGFzaHsABjoKQHVzZWR7AA%3D%3D--913dbb873779805c27eb79f6c5a973558266a0f7
  Parameters: {"action"=>"index", "controller"=>"cmrs"}
Rendering template within layouts/application
Rendering cmrs/index
Completed in 0.01069 (93 reqs/sec) | Rendering: 0.00803 (75%) | DB: 0.00000 (0%) | 200 OK [http://localhost/cmrs]


Processing CmrsController#index (for 127.0.0.1 at 2008-06-09 09:49:38) [GET]
  Session ID: BAh7BiIKZmxhc2hJQzonQWN0aW9uQ29udHJvbGxlcjo6Rmxhc2g6OkZsYXNo%0ASGFzaHsABjoKQHVzZWR7AA%3D%3D--913dbb873779805c27eb79f6c5a973558266a0f7
  Parameters: {"action"=>"index", "controller"=>"cmrs"}
Rendering template within layouts/application
Rendering cmrs/index
Completed in 0.00629 (159 reqs/sec) | Rendering: 0.00349 (55%) | DB: 0.00000 (0%) | 200 OK [http://localhost/]


Processing CmrsController#index (for 127.0.0.1 at 2008-06-09 09:49:41) [GET]
  Session ID: BAh7BiIKZmxhc2hJQzonQWN0aW9uQ29udHJvbGxlcjo6Rmxhc2g6OkZsYXNo%0ASGFzaHsABjoKQHVzZWR7AA%3D%3D--913dbb873779805c27eb79f6c5a973558266a0f7
  Parameters: {"action"=>"index", "controller"=>"cmrs"}
Rendering template within layouts/application
Rendering cmrs/index
Completed in 0.00620 (161 reqs/sec) | Rendering: 0.00336 (54%) | DB: 0.00000 (0%) | 200 OK [http://localhost/]


Processing CmrsController#index (for 127.0.0.1 at 2008-06-09 09:49:43) [GET]
  Session ID: BAh7BiIKZmxhc2hJQzonQWN0aW9uQ29udHJvbGxlcjo6Rmxhc2g6OkZsYXNo%0ASGFzaHsABjoKQHVzZWR7AA%3D%3D--913dbb873779805c27eb79f6c5a973558266a0f7
  Parameters: {"action"=>"index", "controller"=>"cmrs"}
Rendering template within layouts/application
Rendering cmrs/index
Completed in 0.00560 (178 reqs/sec) | Rendering: 0.00299 (53%) | DB: 0.00000 (0%) | 200 OK [http://localhost/]


Processing CmrsController#index (for 127.0.0.1 at 2008-06-09 09:50:12) [GET]
  Session ID: BAh7BiIKZmxhc2hJQzonQWN0aW9uQ29udHJvbGxlcjo6Rmxhc2g6OkZsYXNo%0ASGFzaHsABjoKQHVzZWR7AA%3D%3D--913dbb873779805c27eb79f6c5a973558266a0f7
  Parameters: {"action"=>"index", "controller"=>"cmrs"}
Rendering template within layouts/application
Rendering cmrs/index
Completed in 0.00718 (139 reqs/sec) | Rendering: 0.00428 (59%) | DB: 0.00000 (0%) | 200 OK [http://localhost/]


Processing CmrsController#index (for 127.0.0.1 at 2008-06-09 09:50:30) [GET]
  Session ID: BAh7BiIKZmxhc2hJQzonQWN0aW9uQ29udHJvbGxlcjo6Rmxhc2g6OkZsYXNo%0ASGFzaHsABjoKQHVzZWR7AA%3D%3D--913dbb873779805c27eb79f6c5a973558266a0f7
  Parameters: {"action"=>"index", "controller"=>"cmrs"}
Rendering template within layouts/application
Rendering cmrs/index
Completed in 0.01830 (54 reqs/sec) | Rendering: 0.01136 (62%) | DB: 0.00000 (0%) | 200 OK [http://localhost/]


Processing CmrsController#index (for 127.0.0.1 at 2008-06-09 09:59:36) [GET]
  Session ID: BAh7BiIKZmxhc2hJQzonQWN0aW9uQ29udHJvbGxlcjo6Rmxhc2g6OkZsYXNo%0ASGFzaHsABjoKQHVzZWR7AA%3D%3D--913dbb873779805c27eb79f6c5a973558266a0f7
  Parameters: {"action"=>"index", "controller"=>"cmrs"}
Rendering template within layouts/application
Rendering cmrs/index
Completed in 0.00627 (159 reqs/sec) | Rendering: 0.00341 (54%) | DB: 0.00000 (0%) | 200 OK [http://localhost/]


Processing CmrsController#index (for 127.0.0.1 at 2008-06-09 09:59:37) [GET]
  Session ID: BAh7BiIKZmxhc2hJQzonQWN0aW9uQ29udHJvbGxlcjo6Rmxhc2g6OkZsYXNo%0ASGFzaHsABjoKQHVzZWR7AA%3D%3D--913dbb873779805c27eb79f6c5a973558266a0f7
  Parameters: {"action"=>"index", "controller"=>"cmrs"}
Rendering template within layouts/application
Rendering cmrs/index
Completed in 0.00664 (150 reqs/sec) | Rendering: 0.00384 (57%) | DB: 0.00000 (0%) | 200 OK [http://localhost/]


Processing CmrsController#index (for 127.0.0.1 at 2008-06-09 09:59:39) [GET]
  Session ID: BAh7BiIKZmxhc2hJQzonQWN0aW9uQ29udHJvbGxlcjo6Rmxhc2g6OkZsYXNo%0ASGFzaHsABjoKQHVzZWR7AA%3D%3D--913dbb873779805c27eb79f6c5a973558266a0f7
  Parameters: {"action"=>"index", "controller"=>"cmrs"}
Rendering template within layouts/application
Rendering cmrs/index
Completed in 0.00620 (161 reqs/sec) | Rendering: 0.00345 (55%) | DB: 0.00000 (0%) | 200 OK [http://localhost/]


Processing CmrsController#index (for 127.0.0.1 at 2008-06-09 09:59:40) [GET]
  Session ID: BAh7BiIKZmxhc2hJQzonQWN0aW9uQ29udHJvbGxlcjo6Rmxhc2g6OkZsYXNo%0ASGFzaHsABjoKQHVzZWR7AA%3D%3D--913dbb873779805c27eb79f6c5a973558266a0f7
  Parameters: {"action"=>"index", "controller"=>"cmrs"}
Rendering template within layouts/application
Rendering cmrs/index
Completed in 0.00624 (160 reqs/sec) | Rendering: 0.00343 (54%) | DB: 0.00000 (0%) | 200 OK [http://localhost/]
